playstore_content/source/app/build/outputs/mapping/release/seeds.txt
app.web.epsilondiary.twa.LauncherActivity
app.web.epsilondiary.twa.Application
app.web.epsilondiary.twa.DelegationService
app.web.epsilondiary.twa.DelegationService: DelegationService()
app.web.epsilondiary.twa.Application: Application()
app.web.epsilondiary.twa.LauncherActivity: LauncherActivity()
...
androidx.lifecycle.ReflectiveGenericLifecycleObserver
androidx.annotation.Keep
androidx.core.app.RemoteActionCompatParcelizer
androidx.core.app.RemoteActionCompat
androidx.core.graphics.drawable.IconCompatParcelizer
com.google.androidbrowserhelper.trusted.WebViewFallbackActivity
androidx.versionedparcelable.ParcelImpl
android.support.v4.app.RemoteActionCompatParcelizer
androidx.core.content.FileProvider
androidx.versionedparcelable.CustomVersionedParcelable
com.google.androidbrowserhelper.trusted.NotificationPermissionRequestActivity
com.google.androidbrowserhelper.trusted.ManageDataLauncherActivity
android.support.v4.graphics.drawable.IconCompatParcelizer
com.google.androidbrowserhelper.trusted.FocusActivity
androidx.lifecycle.FullLifecycleObserverAdapter
androidx.lifecycle.SingleGeneratedAdapterObserver
androidx.browser.browseractions.BrowserActionsFallbackMenuView
androidx.lifecycle.CompositeGeneratedAdaptersObserver
androidx.core.app.CoreComponentFactory
androidx.core.graphics.drawable.IconCompat
androidx.versionedparcelable.ParcelImpl: android.os.Parcelable$Creator CREATOR
android.support.v4.graphics.drawable.IconCompatParcelizer: void write(androidx.core.graphics.drawable.IconCompat,androidx.versionedparcelable.VersionedParcel)
androidx.core.graphics.drawable.IconCompatParcelizer: void write(androidx.core.graphics.drawable.IconCompat,androidx.versionedparcelable.VersionedParcel)
android.support.v4.app.RemoteActionCompatParcelizer: void write(androidx.core.app.RemoteActionCompat,androidx.versionedparcelable.VersionedParcel)
android.support.v4.app.RemoteActionCompatParcelizer: androidx.core.app.RemoteActionCompat read(androidx.versionedparcelable.VersionedParcel)
androidx.core.app.RemoteActionCompatParcelizer: RemoteActionCompatParcelizer()
androidx.core.app.RemoteActionCompatParcelizer: void write(androidx.core.app.RemoteActionCompat,androidx.versionedparcelable.VersionedParcel)
androidx.core.app.CoreComponentFactory: CoreComponentFactory()
androidx.browser.browseractions.BrowserActionsFallbackMenuView: BrowserActionsFallbackMenuView(android.content.Context,android.util.AttributeSet)
androidx.core.app.RemoteActionCompatParcelizer: androidx.core.app.RemoteActionCompat read(androidx.versionedparcelable.VersionedParcel)
androidx.core.graphics.drawable.IconCompatParcelizer: IconCompatParcelizer()
androidx.core.content.FileProvider: FileProvider()
com.google.androidbrowserhelper.trusted.NotificationPermissionRequestActivity: NotificationPermissionRequestActivity()
com.google.androidbrowserhelper.trusted.FocusActivity: FocusActivity()
com.google.androidbrowserhelper.trusted.WebViewFallbackActivity: WebViewFallbackActivity()
androidx.versionedparcelable.CustomVersionedParcelable: CustomVersionedParcelable()
android.support.v4.graphics.drawable.IconCompatParcelizer: androidx.core.graphics.drawable.IconCompat read(androidx.versionedparcelable.VersionedParcel)
androidx.core.app.RemoteActionCompat: RemoteActionCompat()
android.support.v4.graphics.drawable.IconCompatParcelizer: IconCompatParcelizer()
com.google.androidbrowserhelper.trusted.ManageDataLauncherActivity: ManageDataLauncherActivity()
androidx.core.graphics.drawable.IconCompatParcelizer: androidx.core.graphics.drawable.IconCompat read(androidx.versionedparcelable.VersionedParcel)
android.support.v4.app.RemoteActionCompatParcelizer: RemoteActionCompatParcelizer()
androidx.core.graphics.drawable.IconCompat: IconCompat()