playstore_content/source/app/build/outputs/mapping/release/mapping.txt
# compiler: R8
# compiler_version: 8.5.10
# min_api: 23
# common_typos_disable
# {"id":"com.android.tools.r8.mapping","version":"2.2"}
# pg_map_id: d2f4a3f
# pg_map_hash: SHA-256 d2f4a3fac0d5b6e6ff958a6c08ec7004377eaa0016fc41acbc5c5ffb98cb17e9
app.web.epsilondiary.twa.Application -> app.web.epsilondiary.twa.Application:
# {"id":"sourceFile","fileName":"Application.java"}
app.web.epsilondiary.twa.DelegationService -> app.web.epsilondiary.twa.DelegationService:
# {"id":"sourceFile","fileName":"DelegationService.java"}
app.web.epsilondiary.twa.LauncherActivity -> app.web.epsilondiary.twa.LauncherActivity:
# {"id":"sourceFile","fileName":"LauncherActivity.java"}
    1:1:android.net.Uri getLaunchingUrl():0:0 -> h
...
com.google.androidbrowserhelper.trusted.TwaLauncher -> n.H:
# {"id":"sourceFile","fileName":"TwaLauncher.java"}
    android.content.Context mContext -> a
    java.lang.String mProviderPackage -> b
    int mLaunchMode -> c
    int mSessionId -> d
    com.google.androidbrowserhelper.trusted.TwaLauncher$TwaCustomTabsServiceConnection mServiceConnection -> e
      # {"id":"com.android.tools.r8.residualsignature","signature":"Ln/H$b;"}
    androidx.browser.customtabs.CustomTabsSession mSession -> f
      # {"id":"com.android.tools.r8.residualsignature","signature":"Le/f;"}
    androidx.browser.trusted.TokenStore mTokenStore -> g
      # {"id":"com.android.tools.r8.residualsignature","signature":"Lf/m;"}
    boolean mDestroyed -> h
    com.google.androidbrowserhelper.trusted.TwaLauncher$FallbackStrategy CCT_FALLBACK_STRATEGY -> i
      # {"id":"com.android.tools.r8.residualsignature","signature":"Ln/H$a;"}
    com.google.androidbrowserhelper.trusted.TwaLauncher$FallbackStrategy WEBVIEW_FALLBACK_STRATEGY -> j
      # {"id":"com.android.tools.r8.residualsignature","signature":"Ln/H$a;"}
    1:15:void <clinit>():0:0 -> <clinit>
    1:1:void <init>(android.content.Context):0:0 -> <init>
    2:2:void <init>(android.content.Context,java.lang.String):0:0 -> <init>
    3:3:void <init>(android.content.Context,java.lang.String,int,androidx.browser.trusted.TokenStore):0:0 -> <init>
com.google.androidbrowserhelper.trusted.TwaLauncher$$ExternalSyntheticLambda0 -> n.C:
# {"id":"sourceFile","fileName":"R8$$SyntheticClass"}
# {"id":"com.android.tools.r8.synthesized"}
    1:1:void n.TwaLauncher$$ExternalSyntheticLambda0.<init>():0:0 -> <init>
      # {"id":"com.android.tools.r8.synthesized"}
    1:1:void n.TwaLauncher$$ExternalSyntheticLambda0.launch(android.content.Context,f.TrustedWebActivityIntentBuilder,java.lang.String,java.lang.Runnable):0:0 -> a
      # {"id":"com.android.tools.r8.synthesized"}
      # {"id":"com.android.tools.r8.residualsignature","signature":"(Landroid/content/Context;Lf/q;Ljava/lang/String;Ljava/lang/Runnable;)V"}
com.google.androidbrowserhelper.trusted.TwaLauncher$$ExternalSyntheticLambda1 -> n.D:
# {"id":"sourceFile","fileName":"R8$$SyntheticClass"}
# {"id":"com.android.tools.r8.synthesized"}
    1:1:void n.TwaLauncher$$ExternalSyntheticLambda1.<init>():0:0 -> <init>
      # {"id":"com.android.tools.r8.synthesized"}
    1:1:void n.TwaLauncher$$ExternalSyntheticLambda1.launch(android.content.Context,f.TrustedWebActivityIntentBuilder,java.lang.String,java.lang.Runnable):0:0 -> a
      # {"id":"com.android.tools.r8.synthesized"}
      # {"id":"com.android.tools.r8.residualsignature","signature":"(Landroid/content/Context;Lf/q;Ljava/lang/String;Ljava/lang/Runnable;)V"}