playstore_content/source/app/build/outputs/mapping/release/usage.txt
app.web.epsilondiary.twa.R$bool
app.web.epsilondiary.twa.R$color
app.web.epsilondiary.twa.R$drawable
app.web.epsilondiary.twa.R$integer
app.web.epsilondiary.twa.R$mipmap
app.web.epsilondiary.twa.R$raw
app.web.epsilondiary.twa.R$string
app.web.epsilondiary.twa.R$xml
app.web.epsilondiary.twa.R
...
androidx.core.view.accessibility.AccessibilityNodeInfoCompat$AccessibilityActionCompat
androidx.core.view.accessibility.AccessibilityNodeInfoCompat$CollectionInfoCompat
androidx.core.view.accessibility.AccessibilityNodeInfoCompat$CollectionItemInfoCompat
androidx.core.view.accessibility.AccessibilityNodeInfoCompat$RangeInfoCompat
androidx.core.view.accessibility.AccessibilityNodeInfoCompat
androidx.core.view.accessibility.AccessibilityNodeProviderCompat$AccessibilityNodeProviderApi16
androidx.core.view.accessibility.AccessibilityNodeProviderCompat$AccessibilityNodeProviderApi19
androidx.core.view.accessibility.AccessibilityNodeProviderCompat
androidx.core.view.accessibility.AccessibilityRecordCompat
androidx.core.view.accessibility.AccessibilityViewCommand$CommandArguments
androidx.core.view.accessibility.AccessibilityViewCommand$MoveAtGranularityArguments
androidx.core.view.accessibility.AccessibilityViewCommand$MoveHtmlArguments
androidx.core.view.accessibility.AccessibilityViewCommand$MoveWindowArguments
androidx.core.view.accessibility.AccessibilityViewCommand$ScrollToPositionArguments
androidx.core.view.accessibility.AccessibilityViewCommand$SetProgressArguments
androidx.core.view.accessibility.AccessibilityViewCommand$SetSelectionArguments
androidx.core.view.accessibility.AccessibilityViewCommand$SetTextArguments
androidx.core.view.accessibility.AccessibilityViewCommand
androidx.core.view.accessibility.AccessibilityWindowInfoCompat
androidx.core.view.animation.PathInterpolatorApi14
androidx.core.view.animation.PathInterpolatorCompat
androidx.core.view.inputmethod.EditorInfoCompat
androidx.core.view.inputmethod.InputConnectionCompat$1
androidx.core.view.inputmethod.InputConnectionCompat$2
androidx.core.view.inputmethod.InputConnectionCompat$OnCommitContentListener
androidx.core.view.inputmethod.InputConnectionCompat
androidx.core.view.inputmethod.InputContentInfoCompat$InputContentInfoCompatApi25Impl
androidx.core.view.inputmethod.InputContentInfoCompat$InputContentInfoCompatBaseImpl
androidx.core.view.inputmethod.InputContentInfoCompat$InputContentInfoCompatImpl
androidx.core.view.inputmethod.InputContentInfoCompat
androidx.core.widget.AutoScrollHelper$ClampedScroller
androidx.core.widget.AutoScrollHelper$ScrollAnimationRunnable
androidx.core.widget.AutoScrollHelper
androidx.core.widget.AutoSizeableTextView
androidx.core.widget.CompoundButtonCompat
androidx.core.widget.ContentLoadingProgressBar$1
androidx.core.widget.ContentLoadingProgressBar$2
androidx.core.widget.ContentLoadingProgressBar
androidx.core.widget.EdgeEffectCompat
androidx.core.widget.ImageViewCompat
androidx.core.widget.ListPopupWindowCompat
androidx.core.widget.ListViewAutoScrollHelper
androidx.core.widget.ListViewCompat
androidx.core.widget.NestedScrollView$AccessibilityDelegate
androidx.core.widget.NestedScrollView$OnScrollChangeListener
androidx.core.widget.NestedScrollView$SavedState$1
androidx.core.widget.NestedScrollView$SavedState
androidx.core.widget.NestedScrollView
androidx.core.widget.PopupMenuCompat
androidx.core.widget.PopupWindowCompat
androidx.core.widget.ScrollerCompat
androidx.core.widget.TextViewCompat$AutoSizeTextType
androidx.core.widget.TextViewCompat$OreoCallback
androidx.core.widget.TextViewCompat
androidx.core.widget.TintableCompoundButton
androidx.core.widget.TintableCompoundDrawablesView
androidx.core.widget.TintableImageSourceView
androidx.interpolator.R
androidx.interpolator.view.animation.FastOutLinearInInterpolator
androidx.interpolator.view.animation.FastOutSlowInInterpolator
androidx.interpolator.view.animation.LinearOutSlowInInterpolator
androidx.interpolator.view.animation.LookupTableInterpolator
androidx.lifecycle.ClassesInfoCache$CallbackInfo
androidx.lifecycle.ClassesInfoCache$MethodReference
androidx.lifecycle.ClassesInfoCache